2014-04-15 19:36:28,754 [localhost-startStop-1] ERROR StackTrace  - Full Stack Trace:
org.codehaus.groovy.runtime.InvokerInvocationException: java.io.FileNotFoundException: C:\Users\Willems\Documents\Cours\JEE\Bibliotheque\bdd.csv (Le chemin d’accès spécifié est introuvable)
	at org.codehaus.groovy.reflection.CachedMethod.invoke(CachedMethod.java:97)
	at groovy.lang.MetaMethod.doMethodInvoke(MetaMethod.java:233)
	at groovy.lang.MetaClassImpl.invokeMethod(MetaClassImpl.java:1082)
	at groovy.lang.ExpandoMetaClass.invokeMethod(ExpandoMetaClass.java:1106)
	at groovy.lang.MetaClassImpl.invokeMethod(MetaClassImpl.java:906)
	at groovy.lang.MetaClassImpl.invokeMethod(MetaClassImpl.java:956)
	at groovy.lang.ExpandoMetaClass.invokeMethod(ExpandoMetaClass.java:1106)
	at groovy.lang.MetaClassImpl.invokeMethod(MetaClassImpl.java:906)
	at groovy.lang.Closure.call(Closure.java:412)
	at groovy.lang.Closure.call(Closure.java:406)
	at grails.util.Environment.evaluateEnvironmentSpecificBlock(Environment.java:308)
	at grails.util.Environment.executeForEnvironment(Environment.java:301)
	at grails.util.Environment.executeForCurrentEnvironment(Environment.java:277)
	at org.codehaus.groovy.grails.commons.DefaultGrailsBootstrapClass.callInit(DefaultGrailsBootstrapClass.java:60)
	at org.codehaus.groovy.grails.web.context.GrailsConfigUtils.executeGrailsBootstraps(GrailsConfigUtils.java:74)
	at org.codehaus.groovy.grails.web.context.GrailsContextLoader.initWebApplicationContext(GrailsContextLoader.java:108)
	at org.springframework.web.context.ContextLoaderListener.contextInitialized(ContextLoaderListener.java:111)
	at org.apache.catalina.core.StandardContext.listenerStart(StandardContext.java:4939)
	at org.apache.catalina.core.StandardContext.startInternal(StandardContext.java:5434)
	at org.apache.catalina.util.LifecycleBase.start(LifecycleBase.java:150)
	at org.apache.catalina.core.ContainerBase$StartChild.call(ContainerBase.java:1559)
	at org.apache.catalina.core.ContainerBase$StartChild.call(ContainerBase.java:1549)
	at java.util.concurrent.FutureTask$Sync.innerRun(FutureTask.java:334)
	at java.util.concurrent.FutureTask.run(FutureTask.java:166)
	at java.util.concurrent.ThreadPoolExecutor.runWorker(ThreadPoolExecutor.java:1110)
	at java.util.concurrent.ThreadPoolExecutor$Worker.run(ThreadPoolExecutor.java:603)
	at java.lang.Thread.run(Thread.java:722)
Caused by: java.io.FileNotFoundException: C:\Users\Willems\Documents\Cours\JEE\Bibliotheque\bdd.csv (Le chemin d’accès spécifié est introuvable)
	at java.io.FileInputStream.open(Native Method)
	at java.io.FileInputStream.<init>(FileInputStream.java:138)
	at sun.reflect.NativeConstructorAccessorImpl.newInstance0(Native Method)
	at sun.reflect.NativeConstructorAccessorImpl.newInstance(NativeConstructorAccessorImpl.java:57)
	at sun.reflect.DelegatingConstructorAccessorImpl.newInstance(DelegatingConstructorAccessorImpl.java:45)
	at java.lang.reflect.Constructor.newInstance(Constructor.java:525)
	at org.springsource.loaded.ri.ReflectiveInterceptor.jlrConstructorNewInstance(ReflectiveInterceptor.java:991)
	at org.codehaus.groovy.reflection.CachedConstructor.invoke(CachedConstructor.java:77)
	at org.codehaus.groovy.runtime.callsite.ConstructorSite$ConstructorSiteNoUnwrapNoCoerce.callConstructor(ConstructorSite.java:102)
	at org.codehaus.groovy.runtime.callsite.CallSiteArray.defaultCallConstructor(CallSiteArray.java:57)
	at org.codehaus.groovy.runtime.callsite.AbstractCallSite.callConstructor(AbstractCallSite.java:182)
	at org.codehaus.groovy.runtime.callsite.AbstractCallSite.callConstructor(AbstractCallSite.java:190)
	at org.grails.plugins.csv.CSVReaderUtils.toCsvReader(CSVReaderUtils.groovy:59)
	at sun.reflect.NativeMethodAccessorImpl.invoke0(Native Method)
	at sun.reflect.NativeMethodAccessorImpl.invoke(NativeMethodAccessorImpl.java:57)
	at sun.reflect.DelegatingMethodAccessorImpl.invoke(DelegatingMethodAccessorImpl.java:43)
	at java.lang.reflect.Method.invoke(Method.java:601)
	at org.springsource.loaded.ri.ReflectiveInterceptor.jlrMethodInvoke(ReflectiveInterceptor.java:1259)
	at org.codehaus.groovy.reflection.CachedMethod.invoke(CachedMethod.java:90)
	at groovy.lang.MetaMethod.doMethodInvoke(MetaMethod.java:233)
	at org.codehaus.groovy.runtime.callsite.StaticMetaMethodSite.invoke(StaticMetaMethodSite.java:43)
	at org.codehaus.groovy.runtime.callsite.StaticMetaMethodSite.call(StaticMetaMethodSite.java:88)
	at org.codehaus.groovy.runtime.callsite.CallSiteArray.defaultCall(CallSiteArray.java:45)
	at org.codehaus.groovy.runtime.callsite.AbstractCallSite.call(AbstractCallSite.java:108)
	at org.codehaus.groovy.runtime.callsite.AbstractCallSite.call(AbstractCallSite.java:120)
	at CsvGrailsPlugin$_closure4_closure10.doCall(CsvGrailsPlugin.groovy:133)
	at sun.reflect.NativeMethodAccessorImpl.invoke0(Native Method)
	at sun.reflect.NativeMethodAccessorImpl.invoke(NativeMethodAccessorImpl.java:57)
	at sun.reflect.DelegatingMethodAccessorImpl.invoke(DelegatingMethodAccessorImpl.java:43)
	at java.lang.reflect.Method.invoke(Method.java:601)
	at org.springsource.loaded.ri.ReflectiveInterceptor.jlrMethodInvoke(ReflectiveInterceptor.java:1259)
	at org.codehaus.groovy.reflection.CachedMethod.invoke(CachedMethod.java:90)
	at org.codehaus.groovy.runtime.metaclass.ClosureMetaMethod.invoke(ClosureMetaMethod.java:80)
	at org.codehaus.groovy.runtime.callsite.PojoMetaMethodSite$PojoMetaMethodSiteNoUnwrapNoCoerce.invoke(PojoMetaMethodSite.java:271)
	at org.codehaus.groovy.runtime.callsite.PojoMetaMethodSite.call(PojoMetaMethodSite.java:53)
	at org.codehaus.groovy.runtime.callsite.CallSiteArray.defaultCall(CallSiteArray.java:45)
	at org.codehaus.groovy.runtime.callsite.AbstractCallSite.call(AbstractCallSite.java:108)
	at org.codehaus.groovy.runtime.callsite.AbstractCallSite.call(AbstractCallSite.java:116)
	at BootStrap$_closure1.doCall(BootStrap.groovy:14)
	at sun.reflect.NativeMethodAccessorImpl.invoke0(Native Method)
	at sun.reflect.NativeMethodAccessorImpl.invoke(NativeMethodAccessorImpl.java:57)
	at sun.reflect.DelegatingMethodAccessorImpl.invoke(DelegatingMethodAccessorImpl.java:43)
	at java.lang.reflect.Method.invoke(Method.java:601)
	at org.springsource.loaded.ri.ReflectiveInterceptor.jlrMethodInvoke(ReflectiveInterceptor.java:1259)
	at org.codehaus.groovy.reflection.CachedMethod.invoke(CachedMethod.java:90)
	... 26 more
2014-04-15 19:36:28,774 [localhost-startStop-1] ERROR StackTrace  - Full Stack Trace:
java.io.FileNotFoundException: C:\Users\Willems\Documents\Cours\JEE\Bibliotheque\bdd.csv (Le chemin d’accès spécifié est introuvable)
	at java.io.FileInputStream.open(Native Method)
	at java.io.FileInputStream.<init>(FileInputStream.java:138)
	at sun.reflect.NativeConstructorAccessorImpl.newInstance0(Native Method)
	at sun.reflect.NativeConstructorAccessorImpl.newInstance(NativeConstructorAccessorImpl.java:57)
	at sun.reflect.DelegatingConstructorAccessorImpl.newInstance(DelegatingConstructorAccessorImpl.java:45)
	at java.lang.reflect.Constructor.newInstance(Constructor.java:525)
	at org.springsource.loaded.ri.ReflectiveInterceptor.jlrConstructorNewInstance(ReflectiveInterceptor.java:991)
	at org.codehaus.groovy.reflection.CachedConstructor.invoke(CachedConstructor.java:77)
	at org.codehaus.groovy.runtime.callsite.ConstructorSite$ConstructorSiteNoUnwrapNoCoerce.callConstructor(ConstructorSite.java:102)
	at org.codehaus.groovy.runtime.callsite.CallSiteArray.defaultCallConstructor(CallSiteArray.java:57)
	at org.codehaus.groovy.runtime.callsite.AbstractCallSite.callConstructor(AbstractCallSite.java:182)
	at org.codehaus.groovy.runtime.callsite.AbstractCallSite.callConstructor(AbstractCallSite.java:190)
	at org.grails.plugins.csv.CSVReaderUtils.toCsvReader(CSVReaderUtils.groovy:59)
	at sun.reflect.NativeMethodAccessorImpl.invoke0(Native Method)
	at sun.reflect.NativeMethodAccessorImpl.invoke(NativeMethodAccessorImpl.java:57)
	at sun.reflect.DelegatingMethodAccessorImpl.invoke(DelegatingMethodAccessorImpl.java:43)
	at java.lang.reflect.Method.invoke(Method.java:601)
	at org.springsource.loaded.ri.ReflectiveInterceptor.jlrMethodInvoke(ReflectiveInterceptor.java:1259)
	at org.codehaus.groovy.reflection.CachedMethod.invoke(CachedMethod.java:90)
	at groovy.lang.MetaMethod.doMethodInvoke(MetaMethod.java:233)
	at org.codehaus.groovy.runtime.callsite.StaticMetaMethodSite.invoke(StaticMetaMethodSite.java:43)
	at org.codehaus.groovy.runtime.callsite.StaticMetaMethodSite.call(StaticMetaMethodSite.java:88)
	at org.codehaus.groovy.runtime.callsite.CallSiteArray.defaultCall(CallSiteArray.java:45)
	at org.codehaus.groovy.runtime.callsite.AbstractCallSite.call(AbstractCallSite.java:108)
	at org.codehaus.groovy.runtime.callsite.AbstractCallSite.call(AbstractCallSite.java:120)
	at CsvGrailsPlugin$_closure4_closure10.doCall(CsvGrailsPlugin.groovy:133)
	at sun.reflect.NativeMethodAccessorImpl.invoke0(Native Method)
	at sun.reflect.NativeMethodAccessorImpl.invoke(NativeMethodAccessorImpl.java:57)
	at sun.reflect.DelegatingMethodAccessorImpl.invoke(DelegatingMethodAccessorImpl.java:43)
	at java.lang.reflect.Method.invoke(Method.java:601)
	at org.springsource.loaded.ri.ReflectiveInterceptor.jlrMethodInvoke(ReflectiveInterceptor.java:1259)
	at org.codehaus.groovy.reflection.CachedMethod.invoke(CachedMethod.java:90)
	at org.codehaus.groovy.runtime.metaclass.ClosureMetaMethod.invoke(ClosureMetaMethod.java:80)
	at org.codehaus.groovy.runtime.callsite.PojoMetaMethodSite$PojoMetaMethodSiteNoUnwrapNoCoerce.invoke(PojoMetaMethodSite.java:271)
	at org.codehaus.groovy.runtime.callsite.PojoMetaMethodSite.call(PojoMetaMethodSite.java:53)
	at org.codehaus.groovy.runtime.callsite.CallSiteArray.defaultCall(CallSiteArray.java:45)
	at org.codehaus.groovy.runtime.callsite.AbstractCallSite.call(AbstractCallSite.java:108)
	at org.codehaus.groovy.runtime.callsite.AbstractCallSite.call(AbstractCallSite.java:116)
	at BootStrap$_closure1.doCall(BootStrap.groovy:14)
	at sun.reflect.NativeMethodAccessorImpl.invoke0(Native Method)
	at sun.reflect.NativeMethodAccessorImpl.invoke(NativeMethodAccessorImpl.java:57)
	at sun.reflect.DelegatingMethodAccessorImpl.invoke(DelegatingMethodAccessorImpl.java:43)
	at java.lang.reflect.Method.invoke(Method.java:601)
	at org.springsource.loaded.ri.ReflectiveInterceptor.jlrMethodInvoke(ReflectiveInterceptor.java:1259)
	at org.codehaus.groovy.reflection.CachedMethod.invoke(CachedMethod.java:90)
	at groovy.lang.MetaMethod.doMethodInvoke(MetaMethod.java:233)
	at groovy.lang.MetaClassImpl.invokeMethod(MetaClassImpl.java:1082)
	at groovy.lang.ExpandoMetaClass.invokeMethod(ExpandoMetaClass.java:1106)
	at groovy.lang.MetaClassImpl.invokeMethod(MetaClassImpl.java:906)
	at groovy.lang.MetaClassImpl.invokeMethod(MetaClassImpl.java:956)
	at groovy.lang.ExpandoMetaClass.invokeMethod(ExpandoMetaClass.java:1106)
	at groovy.lang.MetaClassImpl.invokeMethod(MetaClassImpl.java:906)
	at groovy.lang.Closure.call(Closure.java:412)
	at groovy.lang.Closure.call(Closure.java:406)
	at grails.util.Environment.evaluateEnvironmentSpecificBlock(Environment.java:308)
	at grails.util.Environment.executeForEnvironment(Environment.java:301)
	at grails.util.Environment.executeForCurrentEnvironment(Environment.java:277)
	at org.codehaus.groovy.grails.commons.DefaultGrailsBootstrapClass.callInit(DefaultGrailsBootstrapClass.java:60)
	at org.codehaus.groovy.grails.web.context.GrailsConfigUtils.executeGrailsBootstraps(GrailsConfigUtils.java:74)
	at org.codehaus.groovy.grails.web.context.GrailsContextLoader.initWebApplicationContext(GrailsContextLoader.java:108)
	at org.springframework.web.context.ContextLoaderListener.contextInitialized(ContextLoaderListener.java:111)
	at org.apache.catalina.core.StandardContext.listenerStart(StandardContext.java:4939)
	at org.apache.catalina.core.StandardContext.startInternal(StandardContext.java:5434)
	at org.apache.catalina.util.LifecycleBase.start(LifecycleBase.java:150)
	at org.apache.catalina.core.ContainerBase$StartChild.call(ContainerBase.java:1559)
	at org.apache.catalina.core.ContainerBase$StartChild.call(ContainerBase.java:1549)
	at java.util.concurrent.FutureTask$Sync.innerRun(FutureTask.java:334)
	at java.util.concurrent.FutureTask.run(FutureTask.java:166)
	at java.util.concurrent.ThreadPoolExecutor.runWorker(ThreadPoolExecutor.java:1110)
	at java.util.concurrent.ThreadPoolExecutor$Worker.run(ThreadPoolExecutor.java:603)
	at java.lang.Thread.run(Thread.java:722)
2014-04-15 19:36:28,774 [localhost-startStop-1] ERROR StackTrace  - Full Stack Trace:
org.codehaus.groovy.runtime.InvokerInvocationException: java.io.FileNotFoundException: C:\Users\Willems\Documents\Cours\JEE\Bibliotheque\bdd.csv (Le chemin d’accès spécifié est introuvable)
	at grails.util.Environment.evaluateEnvironmentSpecificBlock(Environment.java:308)
	at grails.util.Environment.executeForEnvironment(Environment.java:301)
	at grails.util.Environment.executeForCurrentEnvironment(Environment.java:277)
	at java.util.concurrent.FutureTask$Sync.innerRun(FutureTask.java:334)
	at java.util.concurrent.FutureTask.run(FutureTask.java:166)
	at java.util.concurrent.ThreadPoolExecutor.runWorker(ThreadPoolExecutor.java:1110)
	at java.util.concurrent.ThreadPoolExecutor$Worker.run(ThreadPoolExecutor.java:603)
	at java.lang.Thread.run(Thread.java:722)
Caused by: java.io.FileNotFoundException: C:\Users\Willems\Documents\Cours\JEE\Bibliotheque\bdd.csv (Le chemin d’accès spécifié est introuvable)
	at java.io.FileInputStream.<init>(FileInputStream.java:138)
	at org.grails.plugins.csv.CSVReaderUtils.toCsvReader(CSVReaderUtils.groovy:59)
	at CsvGrailsPlugin$_closure4_closure10.doCall(CsvGrailsPlugin.groovy:133)
	at BootStrap$_closure1.doCall(BootStrap.groovy:14)
	... 8 more
2014-04-15 19:36:28,775 [localhost-startStop-1] ERROR StackTrace  - Full Stack Trace:
org.codehaus.groovy.runtime.InvokerInvocationException: java.io.FileNotFoundException: C:\Users\Willems\Documents\Cours\JEE\Bibliotheque\bdd.csv (Le chemin d’accès spécifié est introuvable)
	at grails.util.Environment.evaluateEnvironmentSpecificBlock(Environment.java:308)
	at grails.util.Environment.executeForEnvironment(Environment.java:301)
	at grails.util.Environment.executeForCurrentEnvironment(Environment.java:277)
	at java.util.concurrent.FutureTask$Sync.innerRun(FutureTask.java:334)
	at java.util.concurrent.FutureTask.run(FutureTask.java:166)
	at java.util.concurrent.ThreadPoolExecutor.runWorker(ThreadPoolExecutor.java:1110)
	at java.util.concurrent.ThreadPoolExecutor$Worker.run(ThreadPoolExecutor.java:603)
	at java.lang.Thread.run(Thread.java:722)
Caused by: java.io.FileNotFoundException: C:\Users\Willems\Documents\Cours\JEE\Bibliotheque\bdd.csv (Le chemin d’accès spécifié est introuvable)
	at java.io.FileInputStream.<init>(FileInputStream.java:138)
	at org.grails.plugins.csv.CSVReaderUtils.toCsvReader(CSVReaderUtils.groovy:59)
	at CsvGrailsPlugin$_closure4_closure10.doCall(CsvGrailsPlugin.groovy:133)
	at BootStrap$_closure1.doCall(BootStrap.groovy:14)
	... 8 more
2014-04-15 19:36:28,775 [localhost-startStop-1] ERROR StackTrace  - Full Stack Trace:
java.io.FileNotFoundException: C:\Users\Willems\Documents\Cours\JEE\Bibliotheque\bdd.csv (Le chemin d’accès spécifié est introuvable)
	at java.io.FileInputStream.<init>(FileInputStream.java:138)
	at org.grails.plugins.csv.CSVReaderUtils.toCsvReader(CSVReaderUtils.groovy:59)
	at CsvGrailsPlugin$_closure4_closure10.doCall(CsvGrailsPlugin.groovy:133)
	at BootStrap$_closure1.doCall(BootStrap.groovy:14)
	at grails.util.Environment.evaluateEnvironmentSpecificBlock(Environment.java:308)
	at grails.util.Environment.executeForEnvironment(Environment.java:301)
	at grails.util.Environment.executeForCurrentEnvironment(Environment.java:277)
	at java.util.concurrent.FutureTask$Sync.innerRun(FutureTask.java:334)
	at java.util.concurrent.FutureTask.run(FutureTask.java:166)
	at java.util.concurrent.ThreadPoolExecutor.runWorker(ThreadPoolExecutor.java:1110)
	at java.util.concurrent.ThreadPoolExecutor$Worker.run(ThreadPoolExecutor.java:603)
	at java.lang.Thread.run(Thread.java:722)
2014-04-15 19:36:28,775 [localhost-startStop-1] ERROR StackTrace  - Full Stack Trace:
org.codehaus.groovy.runtime.InvokerInvocationException: java.io.FileNotFoundException: C:\Users\Willems\Documents\Cours\JEE\Bibliotheque\bdd.csv (Le chemin d’accès spécifié est introuvable)
	at grails.util.Environment.evaluateEnvironmentSpecificBlock(Environment.java:308)
	at grails.util.Environment.executeForEnvironment(Environment.java:301)
	at grails.util.Environment.executeForCurrentEnvironment(Environment.java:277)
	at java.util.concurrent.FutureTask$Sync.innerRun(FutureTask.java:334)
	at java.util.concurrent.FutureTask.run(FutureTask.java:166)
	at java.util.concurrent.ThreadPoolExecutor.runWorker(ThreadPoolExecutor.java:1110)
	at java.util.concurrent.ThreadPoolExecutor$Worker.run(ThreadPoolExecutor.java:603)
	at java.lang.Thread.run(Thread.java:722)
Caused by: java.io.FileNotFoundException: C:\Users\Willems\Documents\Cours\JEE\Bibliotheque\bdd.csv (Le chemin d’accès spécifié est introuvable)
	at java.io.FileInputStream.<init>(FileInputStream.java:138)
	at org.grails.plugins.csv.CSVReaderUtils.toCsvReader(CSVReaderUtils.groovy:59)
	at CsvGrailsPlugin$_closure4_closure10.doCall(CsvGrailsPlugin.groovy:133)
	at BootStrap$_closure1.doCall(BootStrap.groovy:14)
	... 8 more
2014-04-15 19:36:28,775 [localhost-startStop-1] ERROR StackTrace  - Full Stack Trace:
org.codehaus.groovy.runtime.InvokerInvocationException: java.io.FileNotFoundException: C:\Users\Willems\Documents\Cours\JEE\Bibliotheque\bdd.csv (Le chemin d’accès spécifié est introuvable)
	at grails.util.Environment.evaluateEnvironmentSpecificBlock(Environment.java:308)
	at grails.util.Environment.executeForEnvironment(Environment.java:301)
	at grails.util.Environment.executeForCurrentEnvironment(Environment.java:277)
	at java.util.concurrent.FutureTask$Sync.innerRun(FutureTask.java:334)
	at java.util.concurrent.FutureTask.run(FutureTask.java:166)
	at java.util.concurrent.ThreadPoolExecutor.runWorker(ThreadPoolExecutor.java:1110)
	at java.util.concurrent.ThreadPoolExecutor$Worker.run(ThreadPoolExecutor.java:603)
	at java.lang.Thread.run(Thread.java:722)
Caused by: java.io.FileNotFoundException: C:\Users\Willems\Documents\Cours\JEE\Bibliotheque\bdd.csv (Le chemin d’accès spécifié est introuvable)
	at java.io.FileInputStream.<init>(FileInputStream.java:138)
	at org.grails.plugins.csv.CSVReaderUtils.toCsvReader(CSVReaderUtils.groovy:59)
	at CsvGrailsPlugin$_closure4_closure10.doCall(CsvGrailsPlugin.groovy:133)
	at BootStrap$_closure1.doCall(BootStrap.groovy:14)
	... 8 more
2014-04-15 19:36:28,775 [localhost-startStop-1] ERROR StackTrace  - Full Stack Trace:
java.io.FileNotFoundException: C:\Users\Willems\Documents\Cours\JEE\Bibliotheque\bdd.csv (Le chemin d’accès spécifié est introuvable)
	at java.io.FileInputStream.<init>(FileInputStream.java:138)
	at org.grails.plugins.csv.CSVReaderUtils.toCsvReader(CSVReaderUtils.groovy:59)
	at CsvGrailsPlugin$_closure4_closure10.doCall(CsvGrailsPlugin.groovy:133)
	at BootStrap$_closure1.doCall(BootStrap.groovy:14)
	at grails.util.Environment.evaluateEnvironmentSpecificBlock(Environment.java:308)
	at grails.util.Environment.executeForEnvironment(Environment.java:301)
	at grails.util.Environment.executeForCurrentEnvironment(Environment.java:277)
	at java.util.concurrent.FutureTask$Sync.innerRun(FutureTask.java:334)
	at java.util.concurrent.FutureTask.run(FutureTask.java:166)
	at java.util.concurrent.ThreadPoolExecutor.runWorker(ThreadPoolExecutor.java:1110)
	at java.util.concurrent.ThreadPoolExecutor$Worker.run(ThreadPoolExecutor.java:603)
	at java.lang.Thread.run(Thread.java:722)
2014-04-15 19:36:28,776 [localhost-startStop-1] ERROR StackTrace  - Full Stack Trace:
org.codehaus.groovy.runtime.InvokerInvocationException: java.io.FileNotFoundException: C:\Users\Willems\Documents\Cours\JEE\Bibliotheque\bdd.csv (Le chemin d’accès spécifié est introuvable)
	at grails.util.Environment.evaluateEnvironmentSpecificBlock(Environment.java:308)
	at grails.util.Environment.executeForEnvironment(Environment.java:301)
	at grails.util.Environment.executeForCurrentEnvironment(Environment.java:277)
	at java.util.concurrent.FutureTask$Sync.innerRun(FutureTask.java:334)
	at java.util.concurrent.FutureTask.run(FutureTask.java:166)
	at java.util.concurrent.ThreadPoolExecutor.runWorker(ThreadPoolExecutor.java:1110)
	at java.util.concurrent.ThreadPoolExecutor$Worker.run(ThreadPoolExecutor.java:603)
	at java.lang.Thread.run(Thread.java:722)
Caused by: java.io.FileNotFoundException: C:\Users\Willems\Documents\Cours\JEE\Bibliotheque\bdd.csv (Le chemin d’accès spécifié est introuvable)
	at java.io.FileInputStream.<init>(FileInputStream.java:138)
	at org.grails.plugins.csv.CSVReaderUtils.toCsvReader(CSVReaderUtils.groovy:59)
	at CsvGrailsPlugin$_closure4_closure10.doCall(CsvGrailsPlugin.groovy:133)
	at BootStrap$_closure1.doCall(BootStrap.groovy:14)
	... 8 more
2014-04-15 19:37:35,034 [localhost-startStop-1] ERROR StackTrace  - Full Stack Trace:
org.codehaus.groovy.runtime.InvokerInvocationException: java.io.FileNotFoundException: C:\Users\Willems\Documents\Cours\JEE\Bibliotheque\bdd.csv (Le chemin d’accès spécifié est introuvable)
	at org.codehaus.groovy.reflection.CachedMethod.invoke(CachedMethod.java:97)
	at groovy.lang.MetaMethod.doMethodInvoke(MetaMethod.java:233)
	at groovy.lang.MetaClassImpl.invokeMethod(MetaClassImpl.java:1082)
	at groovy.lang.ExpandoMetaClass.invokeMethod(ExpandoMetaClass.java:1106)
	at groovy.lang.MetaClassImpl.invokeMethod(MetaClassImpl.java:906)
	at groovy.lang.MetaClassImpl.invokeMethod(MetaClassImpl.java:956)
	at groovy.lang.ExpandoMetaClass.invokeMethod(ExpandoMetaClass.java:1106)
	at groovy.lang.MetaClassImpl.invokeMethod(MetaClassImpl.java:906)
	at groovy.lang.Closure.call(Closure.java:412)
	at groovy.lang.Closure.call(Closure.java:406)
	at grails.util.Environment.evaluateEnvironmentSpecificBlock(Environment.java:308)
	at grails.util.Environment.executeForEnvironment(Environment.java:301)
	at grails.util.Environment.executeForCurrentEnvironment(Environment.java:277)
	at org.codehaus.groovy.grails.commons.DefaultGrailsBootstrapClass.callInit(DefaultGrailsBootstrapClass.java:60)
	at org.codehaus.groovy.grails.web.context.GrailsConfigUtils.executeGrailsBootstraps(GrailsConfigUtils.java:74)
	at org.codehaus.groovy.grails.web.context.GrailsContextLoader.initWebApplicationContext(GrailsContextLoader.java:108)
	at org.springframework.web.context.ContextLoaderListener.contextInitialized(ContextLoaderListener.java:111)
	at org.apache.catalina.core.StandardContext.listenerStart(StandardContext.java:4939)
	at org.apache.catalina.core.StandardContext.startInternal(StandardContext.java:5434)
	at org.apache.catalina.util.LifecycleBase.start(LifecycleBase.java:150)
	at org.apache.catalina.core.ContainerBase$StartChild.call(ContainerBase.java:1559)
	at org.apache.catalina.core.ContainerBase$StartChild.call(ContainerBase.java:1549)
	at java.util.concurrent.FutureTask$Sync.innerRun(FutureTask.java:334)
	at java.util.concurrent.FutureTask.run(FutureTask.java:166)
	at java.util.concurrent.ThreadPoolExecutor.runWorker(ThreadPoolExecutor.java:1110)
	at java.util.concurrent.ThreadPoolExecutor$Worker.run(ThreadPoolExecutor.java:603)
	at java.lang.Thread.run(Thread.java:722)
Caused by: java.io.FileNotFoundException: C:\Users\Willems\Documents\Cours\JEE\Bibliotheque\bdd.csv (Le chemin d’accès spécifié est introuvable)
	at java.io.FileInputStream.open(Native Method)
	at java.io.FileInputStream.<init>(FileInputStream.java:138)
	at sun.reflect.NativeConstructorAccessorImpl.newInstance0(Native Method)
	at sun.reflect.NativeConstructorAccessorImpl.newInstance(NativeConstructorAccessorImpl.java:57)
	at sun.reflect.DelegatingConstructorAccessorImpl.newInstance(DelegatingConstructorAccessorImpl.java:45)
	at java.lang.reflect.Constructor.newInstance(Constructor.java:525)
	at org.springsource.loaded.ri.ReflectiveInterceptor.jlrConstructorNewInstance(ReflectiveInterceptor.java:991)
	at org.codehaus.groovy.reflection.CachedConstructor.invoke(CachedConstructor.java:77)
	at org.codehaus.groovy.runtime.callsite.ConstructorSite$ConstructorSiteNoUnwrapNoCoerce.callConstructor(ConstructorSite.java:102)
	at org.codehaus.groovy.runtime.callsite.CallSiteArray.defaultCallConstructor(CallSiteArray.java:57)
	at org.codehaus.groovy.runtime.callsite.AbstractCallSite.callConstructor(AbstractCallSite.java:182)
	at org.codehaus.groovy.runtime.callsite.AbstractCallSite.callConstructor(AbstractCallSite.java:190)
	at org.grails.plugins.csv.CSVReaderUtils.toCsvReader(CSVReaderUtils.groovy:59)
	at sun.reflect.NativeMethodAccessorImpl.invoke0(Native Method)
	at sun.reflect.NativeMethodAccessorImpl.invoke(NativeMethodAccessorImpl.java:57)
	at sun.reflect.DelegatingMethodAccessorImpl.invoke(DelegatingMethodAccessorImpl.java:43)
	at java.lang.reflect.Method.invoke(Method.java:601)
	at org.springsource.loaded.ri.ReflectiveInterceptor.jlrMethodInvoke(ReflectiveInterceptor.java:1259)
	at org.codehaus.groovy.reflection.CachedMethod.invoke(CachedMethod.java:90)
	at groovy.lang.MetaMethod.doMethodInvoke(MetaMethod.java:233)
	at org.codehaus.groovy.runtime.callsite.StaticMetaMethodSite.invoke(StaticMetaMethodSite.java:43)
	at org.codehaus.groovy.runtime.callsite.StaticMetaMethodSite.call(StaticMetaMethodSite.java:88)
	at org.codehaus.groovy.runtime.callsite.CallSiteArray.defaultCall(CallSiteArray.java:45)
	at org.codehaus.groovy.runtime.callsite.AbstractCallSite.call(AbstractCallSite.java:108)
	at org.codehaus.groovy.runtime.callsite.AbstractCallSite.call(AbstractCallSite.java:120)
	at CsvGrailsPlugin$_closure4_closure10.doCall(CsvGrailsPlugin.groovy:133)
	at sun.reflect.NativeMethodAccessorImpl.invoke0(Native Method)
	at sun.reflect.NativeMethodAccessorImpl.invoke(NativeMethodAccessorImpl.java:57)
	at sun.reflect.DelegatingMethodAccessorImpl.invoke(DelegatingMethodAccessorImpl.java:43)
	at java.lang.reflect.Method.invoke(Method.java:601)
	at org.springsource.loaded.ri.ReflectiveInterceptor.jlrMethodInvoke(ReflectiveInterceptor.java:1259)
	at org.codehaus.groovy.reflection.CachedMethod.invoke(CachedMethod.java:90)
	at org.codehaus.groovy.runtime.metaclass.ClosureMetaMethod.invoke(ClosureMetaMethod.java:80)
	at org.codehaus.groovy.runtime.callsite.PojoMetaMethodSite$PojoMetaMethodSiteNoUnwrapNoCoerce.invoke(PojoMetaMethodSite.java:271)
	at org.codehaus.groovy.runtime.callsite.PojoMetaMethodSite.call(PojoMetaMethodSite.java:53)
	at org.codehaus.groovy.runtime.callsite.CallSiteArray.defaultCall(CallSiteArray.java:45)
	at org.codehaus.groovy.runtime.callsite.AbstractCallSite.call(AbstractCallSite.java:108)
	at org.codehaus.groovy.runtime.callsite.AbstractCallSite.call(AbstractCallSite.java:116)
	at BootStrap$_closure1.doCall(BootStrap.groovy:14)
	at sun.reflect.NativeMethodAccessorImpl.invoke0(Native Method)
	at sun.reflect.NativeMethodAccessorImpl.invoke(NativeMethodAccessorImpl.java:57)
	at sun.reflect.DelegatingMethodAccessorImpl.invoke(DelegatingMethodAccessorImpl.java:43)
	at java.lang.reflect.Method.invoke(Method.java:601)
	at org.springsource.loaded.ri.ReflectiveInterceptor.jlrMethodInvoke(ReflectiveInterceptor.java:1259)
	at org.codehaus.groovy.reflection.CachedMethod.invoke(CachedMethod.java:90)
	... 26 more
2014-04-15 19:37:35,057 [localhost-startStop-1] ERROR StackTrace  - Full Stack Trace:
java.io.FileNotFoundException: C:\Users\Willems\Documents\Cours\JEE\Bibliotheque\bdd.csv (Le chemin d’accès spécifié est introuvable)
	at java.io.FileInputStream.open(Native Method)
	at java.io.FileInputStream.<init>(FileInputStream.java:138)
	at sun.reflect.NativeConstructorAccessorImpl.newInstance0(Native Method)
	at sun.reflect.NativeConstructorAccessorImpl.newInstance(NativeConstructorAccessorImpl.java:57)
	at sun.reflect.DelegatingConstructorAccessorImpl.newInstance(DelegatingConstructorAccessorImpl.java:45)
	at java.lang.reflect.Constructor.newInstance(Constructor.java:525)
	at org.springsource.loaded.ri.ReflectiveInterceptor.jlrConstructorNewInstance(ReflectiveInterceptor.java:991)
	at org.codehaus.groovy.reflection.CachedConstructor.invoke(CachedConstructor.java:77)
	at org.codehaus.groovy.runtime.callsite.ConstructorSite$ConstructorSiteNoUnwrapNoCoerce.callConstructor(ConstructorSite.java:102)
	at org.codehaus.groovy.runtime.callsite.CallSiteArray.defaultCallConstructor(CallSiteArray.java:57)
	at org.codehaus.groovy.runtime.callsite.AbstractCallSite.callConstructor(AbstractCallSite.java:182)
	at org.codehaus.groovy.runtime.callsite.AbstractCallSite.callConstructor(AbstractCallSite.java:190)
	at org.grails.plugins.csv.CSVReaderUtils.toCsvReader(CSVReaderUtils.groovy:59)
	at sun.reflect.NativeMethodAccessorImpl.invoke0(Native Method)
	at sun.reflect.NativeMethodAccessorImpl.invoke(NativeMethodAccessorImpl.java:57)
	at sun.reflect.DelegatingMethodAccessorImpl.invoke(DelegatingMethodAccessorImpl.java:43)
	at java.lang.reflect.Method.invoke(Method.java:601)
	at org.springsource.loaded.ri.ReflectiveInterceptor.jlrMethodInvoke(ReflectiveInterceptor.java:1259)
	at org.codehaus.groovy.reflection.CachedMethod.invoke(CachedMethod.java:90)
	at groovy.lang.MetaMethod.doMethodInvoke(MetaMethod.java:233)
	at org.codehaus.groovy.runtime.callsite.StaticMetaMethodSite.invoke(StaticMetaMethodSite.java:43)
	at org.codehaus.groovy.runtime.callsite.StaticMetaMethodSite.call(StaticMetaMethodSite.java:88)
	at org.codehaus.groovy.runtime.callsite.CallSiteArray.defaultCall(CallSiteArray.java:45)
	at org.codehaus.groovy.runtime.callsite.AbstractCallSite.call(AbstractCallSite.java:108)
	at org.codehaus.groovy.runtime.callsite.AbstractCallSite.call(AbstractCallSite.java:120)
	at CsvGrailsPlugin$_closure4_closure10.doCall(CsvGrailsPlugin.groovy:133)
	at sun.reflect.NativeMethodAccessorImpl.invoke0(Native Method)
	at sun.reflect.NativeMethodAccessorImpl.invoke(NativeMethodAccessorImpl.java:57)
	at sun.reflect.DelegatingMethodAccessorImpl.invoke(DelegatingMethodAccessorImpl.java:43)
	at java.lang.reflect.Method.invoke(Method.java:601)
	at org.springsource.loaded.ri.ReflectiveInterceptor.jlrMethodInvoke(ReflectiveInterceptor.java:1259)
	at org.codehaus.groovy.reflection.CachedMethod.invoke(CachedMethod.java:90)
	at org.codehaus.groovy.runtime.metaclass.ClosureMetaMethod.invoke(ClosureMetaMethod.java:80)
	at org.codehaus.groovy.runtime.callsite.PojoMetaMethodSite$PojoMetaMethodSiteNoUnwrapNoCoerce.invoke(PojoMetaMethodSite.java:271)
	at org.codehaus.groovy.runtime.callsite.PojoMetaMethodSite.call(PojoMetaMethodSite.java:53)
	at org.codehaus.groovy.runtime.callsite.CallSiteArray.defaultCall(CallSiteArray.java:45)
	at org.codehaus.groovy.runtime.callsite.AbstractCallSite.call(AbstractCallSite.java:108)
	at org.codehaus.groovy.runtime.callsite.AbstractCallSite.call(AbstractCallSite.java:116)
	at BootStrap$_closure1.doCall(BootStrap.groovy:14)
	at sun.reflect.NativeMethodAccessorImpl.invoke0(Native Method)
	at sun.reflect.NativeMethodAccessorImpl.invoke(NativeMethodAccessorImpl.java:57)
	at sun.reflect.DelegatingMethodAccessorImpl.invoke(DelegatingMethodAccessorImpl.java:43)
	at java.lang.reflect.Method.invoke(Method.java:601)
	at org.springsource.loaded.ri.ReflectiveInterceptor.jlrMethodInvoke(ReflectiveInterceptor.java:1259)
	at org.codehaus.groovy.reflection.CachedMethod.invoke(CachedMethod.java:90)
	at groovy.lang.MetaMethod.doMethodInvoke(MetaMethod.java:233)
	at groovy.lang.MetaClassImpl.invokeMethod(MetaClassImpl.java:1082)
	at groovy.lang.ExpandoMetaClass.invokeMethod(ExpandoMetaClass.java:1106)
	at groovy.lang.MetaClassImpl.invokeMethod(MetaClassImpl.java:906)
	at groovy.lang.MetaClassImpl.invokeMethod(MetaClassImpl.java:956)
	at groovy.lang.ExpandoMetaClass.invokeMethod(ExpandoMetaClass.java:1106)
	at groovy.lang.MetaClassImpl.invokeMethod(MetaClassImpl.java:906)
	at groovy.lang.Closure.call(Closure.java:412)
	at groovy.lang.Closure.call(Closure.java:406)
	at grails.util.Environment.evaluateEnvironmentSpecificBlock(Environment.java:308)
	at grails.util.Environment.executeForEnvironment(Environment.java:301)
	at grails.util.Environment.executeForCurrentEnvironment(Environment.java:277)
	at org.codehaus.groovy.grails.commons.DefaultGrailsBootstrapClass.callInit(DefaultGrailsBootstrapClass.java:60)
	at org.codehaus.groovy.grails.web.context.GrailsConfigUtils.executeGrailsBootstraps(GrailsConfigUtils.java:74)
	at org.codehaus.groovy.grails.web.context.GrailsContextLoader.initWebApplicationContext(GrailsContextLoader.java:108)
	at org.springframework.web.context.ContextLoaderListener.contextInitialized(ContextLoaderListener.java:111)
	at org.apache.catalina.core.StandardContext.listenerStart(StandardContext.java:4939)
	at org.apache.catalina.core.StandardContext.startInternal(StandardContext.java:5434)
	at org.apache.catalina.util.LifecycleBase.start(LifecycleBase.java:150)
	at org.apache.catalina.core.ContainerBase$StartChild.call(ContainerBase.java:1559)
	at org.apache.catalina.core.ContainerBase$StartChild.call(ContainerBase.java:1549)
	at java.util.concurrent.FutureTask$Sync.innerRun(FutureTask.java:334)
	at java.util.concurrent.FutureTask.run(FutureTask.java:166)
	at java.util.concurrent.ThreadPoolExecutor.runWorker(ThreadPoolExecutor.java:1110)
	at java.util.concurrent.ThreadPoolExecutor$Worker.run(ThreadPoolExecutor.java:603)
	at java.lang.Thread.run(Thread.java:722)
2014-04-15 19:37:35,058 [localhost-startStop-1] ERROR StackTrace  - Full Stack Trace:
org.codehaus.groovy.runtime.InvokerInvocationException: java.io.FileNotFoundException: C:\Users\Willems\Documents\Cours\JEE\Bibliotheque\bdd.csv (Le chemin d’accès spécifié est introuvable)
	at grails.util.Environment.evaluateEnvironmentSpecificBlock(Environment.java:308)
	at grails.util.Environment.executeForEnvironment(Environment.java:301)
	at grails.util.Environment.executeForCurrentEnvironment(Environment.java:277)
	at java.util.concurrent.FutureTask$Sync.innerRun(FutureTask.java:334)
	at java.util.concurrent.FutureTask.run(FutureTask.java:166)
	at java.util.concurrent.ThreadPoolExecutor.runWorker(ThreadPoolExecutor.java:1110)
	at java.util.concurrent.ThreadPoolExecutor$Worker.run(ThreadPoolExecutor.java:603)
	at java.lang.Thread.run(Thread.java:722)
Caused by: java.io.FileNotFoundException: C:\Users\Willems\Documents\Cours\JEE\Bibliotheque\bdd.csv (Le chemin d’accès spécifié est introuvable)
	at java.io.FileInputStream.<init>(FileInputStream.java:138)
	at org.grails.plugins.csv.CSVReaderUtils.toCsvReader(CSVReaderUtils.groovy:59)
	at CsvGrailsPlugin$_closure4_closure10.doCall(CsvGrailsPlugin.groovy:133)
	at BootStrap$_closure1.doCall(BootStrap.groovy:14)
	... 8 more
2014-04-15 19:37:35,058 [localhost-startStop-1] ERROR StackTrace  - Full Stack Trace:
org.codehaus.groovy.runtime.InvokerInvocationException: java.io.FileNotFoundException: C:\Users\Willems\Documents\Cours\JEE\Bibliotheque\bdd.csv (Le chemin d’accès spécifié est introuvable)
	at grails.util.Environment.evaluateEnvironmentSpecificBlock(Environment.java:308)
	at grails.util.Environment.executeForEnvironment(Environment.java:301)
	at grails.util.Environment.executeForCurrentEnvironment(Environment.java:277)
	at java.util.concurrent.FutureTask$Sync.innerRun(FutureTask.java:334)
	at java.util.concurrent.FutureTask.run(FutureTask.java:166)
	at java.util.concurrent.ThreadPoolExecutor.runWorker(ThreadPoolExecutor.java:1110)
	at java.util.concurrent.ThreadPoolExecutor$Worker.run(ThreadPoolExecutor.java:603)
	at java.lang.Thread.run(Thread.java:722)
Caused by: java.io.FileNotFoundException: C:\Users\Willems\Documents\Cours\JEE\Bibliotheque\bdd.csv (Le chemin d’accès spécifié est introuvable)
	at java.io.FileInputStream.<init>(FileInputStream.java:138)
	at org.grails.plugins.csv.CSVReaderUtils.toCsvReader(CSVReaderUtils.groovy:59)
	at CsvGrailsPlugin$_closure4_closure10.doCall(CsvGrailsPlugin.groovy:133)
	at BootStrap$_closure1.doCall(BootStrap.groovy:14)
	... 8 more
2014-04-15 19:37:35,058 [localhost-startStop-1] ERROR StackTrace  - Full Stack Trace:
java.io.FileNotFoundException: C:\Users\Willems\Documents\Cours\JEE\Bibliotheque\bdd.csv (Le chemin d’accès spécifié est introuvable)
	at java.io.FileInputStream.<init>(FileInputStream.java:138)
	at org.grails.plugins.csv.CSVReaderUtils.toCsvReader(CSVReaderUtils.groovy:59)
	at CsvGrailsPlugin$_closure4_closure10.doCall(CsvGrailsPlugin.groovy:133)
	at BootStrap$_closure1.doCall(BootStrap.groovy:14)
	at grails.util.Environment.evaluateEnvironmentSpecificBlock(Environment.java:308)
	at grails.util.Environment.executeForEnvironment(Environment.java:301)
	at grails.util.Environment.executeForCurrentEnvironment(Environment.java:277)
	at java.util.concurrent.FutureTask$Sync.innerRun(FutureTask.java:334)
	at java.util.concurrent.FutureTask.run(FutureTask.java:166)
	at java.util.concurrent.ThreadPoolExecutor.runWorker(ThreadPoolExecutor.java:1110)
	at java.util.concurrent.ThreadPoolExecutor$Worker.run(ThreadPoolExecutor.java:603)
	at java.lang.Thread.run(Thread.java:722)
2014-04-15 19:37:35,058 [localhost-startStop-1] ERROR StackTrace  - Full Stack Trace:
org.codehaus.groovy.runtime.InvokerInvocationException: java.io.FileNotFoundException: C:\Users\Willems\Documents\Cours\JEE\Bibliotheque\bdd.csv (Le chemin d’accès spécifié est introuvable)
	at grails.util.Environment.evaluateEnvironmentSpecificBlock(Environment.java:308)
	at grails.util.Environment.executeForEnvironment(Environment.java:301)
	at grails.util.Environment.executeForCurrentEnvironment(Environment.java:277)
	at java.util.concurrent.FutureTask$Sync.innerRun(FutureTask.java:334)
	at java.util.concurrent.FutureTask.run(FutureTask.java:166)
	at java.util.concurrent.ThreadPoolExecutor.runWorker(ThreadPoolExecutor.java:1110)
	at java.util.concurrent.ThreadPoolExecutor$Worker.run(ThreadPoolExecutor.java:603)
	at java.lang.Thread.run(Thread.java:722)
Caused by: java.io.FileNotFoundException: C:\Users\Willems\Documents\Cours\JEE\Bibliotheque\bdd.csv (Le chemin d’accès spécifié est introuvable)
	at java.io.FileInputStream.<init>(FileInputStream.java:138)
	at org.grails.plugins.csv.CSVReaderUtils.toCsvReader(CSVReaderUtils.groovy:59)
	at CsvGrailsPlugin$_closure4_closure10.doCall(CsvGrailsPlugin.groovy:133)
	at BootStrap$_closure1.doCall(BootStrap.groovy:14)
	... 8 more
2014-04-15 19:37:35,059 [localhost-startStop-1] ERROR StackTrace  - Full Stack Trace:
org.codehaus.groovy.runtime.InvokerInvocationException: java.io.FileNotFoundException: C:\Users\Willems\Documents\Cours\JEE\Bibliotheque\bdd.csv (Le chemin d’accès spécifié est introuvable)
	at grails.util.Environment.evaluateEnvironmentSpecificBlock(Environment.java:308)
	at grails.util.Environment.executeForEnvironment(Environment.java:301)
	at grails.util.Environment.executeForCurrentEnvironment(Environment.java:277)
	at java.util.concurrent.FutureTask$Sync.innerRun(FutureTask.java:334)
	at java.util.concurrent.FutureTask.run(FutureTask.java:166)
	at java.util.concurrent.ThreadPoolExecutor.runWorker(ThreadPoolExecutor.java:1110)
	at java.util.concurrent.ThreadPoolExecutor$Worker.run(ThreadPoolExecutor.java:603)
	at java.lang.Thread.run(Thread.java:722)
Caused by: java.io.FileNotFoundException: C:\Users\Willems\Documents\Cours\JEE\Bibliotheque\bdd.csv (Le chemin d’accès spécifié est introuvable)
	at java.io.FileInputStream.<init>(FileInputStream.java:138)
	at org.grails.plugins.csv.CSVReaderUtils.toCsvReader(CSVReaderUtils.groovy:59)
	at CsvGrailsPlugin$_closure4_closure10.doCall(CsvGrailsPlugin.groovy:133)
	at BootStrap$_closure1.doCall(BootStrap.groovy:14)
	... 8 more
2014-04-15 19:37:35,059 [localhost-startStop-1] ERROR StackTrace  - Full Stack Trace:
java.io.FileNotFoundException: C:\Users\Willems\Documents\Cours\JEE\Bibliotheque\bdd.csv (Le chemin d’accès spécifié est introuvable)
	at java.io.FileInputStream.<init>(FileInputStream.java:138)
	at org.grails.plugins.csv.CSVReaderUtils.toCsvReader(CSVReaderUtils.groovy:59)
	at CsvGrailsPlugin$_closure4_closure10.doCall(CsvGrailsPlugin.groovy:133)
	at BootStrap$_closure1.doCall(BootStrap.groovy:14)
	at grails.util.Environment.evaluateEnvironmentSpecificBlock(Environment.java:308)
	at grails.util.Environment.executeForEnvironment(Environment.java:301)
	at grails.util.Environment.executeForCurrentEnvironment(Environment.java:277)
	at java.util.concurrent.FutureTask$Sync.innerRun(FutureTask.java:334)
	at java.util.concurrent.FutureTask.run(FutureTask.java:166)
	at java.util.concurrent.ThreadPoolExecutor.runWorker(ThreadPoolExecutor.java:1110)
	at java.util.concurrent.ThreadPoolExecutor$Worker.run(ThreadPoolExecutor.java:603)
	at java.lang.Thread.run(Thread.java:722)
2014-04-15 19:37:35,059 [localhost-startStop-1] ERROR StackTrace  - Full Stack Trace:
org.codehaus.groovy.runtime.InvokerInvocationException: java.io.FileNotFoundException: C:\Users\Willems\Documents\Cours\JEE\Bibliotheque\bdd.csv (Le chemin d’accès spécifié est introuvable)
	at grails.util.Environment.evaluateEnvironmentSpecificBlock(Environment.java:308)
	at grails.util.Environment.executeForEnvironment(Environment.java:301)
	at grails.util.Environment.executeForCurrentEnvironment(Environment.java:277)
	at java.util.concurrent.FutureTask$Sync.innerRun(FutureTask.java:334)
	at java.util.concurrent.FutureTask.run(FutureTask.java:166)
	at java.util.concurrent.ThreadPoolExecutor.runWorker(ThreadPoolExecutor.java:1110)
	at java.util.concurrent.ThreadPoolExecutor$Worker.run(ThreadPoolExecutor.java:603)
	at java.lang.Thread.run(Thread.java:722)
Caused by: java.io.FileNotFoundException: C:\Users\Willems\Documents\Cours\JEE\Bibliotheque\bdd.csv (Le chemin d’accès spécifié est introuvable)
	at java.io.FileInputStream.<init>(FileInputStream.java:138)
	at org.grails.plugins.csv.CSVReaderUtils.toCsvReader(CSVReaderUtils.groovy:59)
	at CsvGrailsPlugin$_closure4_closure10.doCall(CsvGrailsPlugin.groovy:133)
	at BootStrap$_closure1.doCall(BootStrap.groovy:14)
	... 8 more
